<?xml version="1.0" encoding="UTF-8"?>
<testsuite xmlns:xsi="http://www.w3.org/2001/XMLSchema-instance" xsi:noNamespaceSchemaLocation="https://maven.apache.org/surefire/maven-surefire-plugin/xsd/surefire-test-report-3.0.xsd" version="3.0" name="TestSuite" time="5.151" tests="5" errors="0" skipped="0" failures="5">
  <properties>
[...]
</properties>
  <testcase name="test_getAllvdoGames" classname="testCases.TC_VDOGameAPI" time="3.329">
    <failure message="1 expectation failed.&#10;Expected status code &lt;200&gt; but was &lt;403&gt;.&#10;" type="java.lang.AssertionError"><![CDATA[java.lang.AssertionError: 
1 expectation failed.
Expected status code <200> but was <403>.

	at testCases.TC_VDOGameAPI.test_getAllvdoGames(TC_VDOGameAPI.java:27)
]]></failure>
    <system-err><![CDATA[SLF4J: Failed to load class "org.slf4j.impl.StaticLoggerBinder".
SLF4J: Defaulting to no-operation (NOP) logger implementation
SLF4J: See http://www.slf4j.org/codes.html#StaticLoggerBinder for further details.
]]></system-err>
  </testcase>
  <testcase name="test_addNewvdoGames" classname="testCases.TC_VDOGameAPI" time="0.695">
    <failure message="1 expectation failed.&#10;Expected status code &lt;200&gt; but was &lt;403&gt;.&#10;" type="java.lang.AssertionError"><![CDATA[java.lang.AssertionError: 
1 expectation failed.
Expected status code <200> but was <403>.

	at testCases.TC_VDOGameAPI.test_addNewvdoGames(TC_VDOGameAPI.java:51)
]]></failure>
  </testcase>
  <testcase name="test_getvdoGames" classname="testCases.TC_VDOGameAPI" time="0.045">
    <failure message="1 expectation failed.&#10;Expected status code &lt;200&gt; but was &lt;403&gt;.&#10;" type="java.lang.AssertionError"><![CDATA[java.lang.AssertionError: 
1 expectation failed.
Expected status code <200> but was <403>.

	at testCases.TC_VDOGameAPI.test_getvdoGames(TC_VDOGameAPI.java:66)
]]></failure>
  </testcase>
  <testcase name="test_getVideoGame" classname="testCases.TC_VDOGameAPI" time="0.021">
    <failure message="1 expectation failed.&#10;Expected status code &lt;200&gt; but was &lt;403&gt;.&#10;" type="java.lang.AssertionError"><![CDATA[java.lang.AssertionError: 
1 expectation failed.
Expected status code <200> but was <403>.

	at testCases.TC_VDOGameAPI.test_getVideoGame(TC_VDOGameAPI.java:89)
]]></failure>
  </testcase>
  <testcase name="test_DeletevdoGame" classname="testCases.TC_VDOGameAPI" time="0.049">
    <failure message="1 expectation failed.&#10;Expected status code &lt;200&gt; but was &lt;403&gt;.&#10;" type="java.lang.AssertionError"><![CDATA[java.lang.AssertionError: 
1 expectation failed.
Expected status code <200> but was <403>.

	at testCases.TC_VDOGameAPI.test_DeletevdoGame(TC_VDOGameAPI.java:102)
]]></failure>
  </testcase>
</testsuite>